<?xml version="1.0" encoding="UTF-8"?>
<robot generator="Robot 5.0.1 (Python 3.10.7 on win32)" generated="20221014 14:04:31.783" rpa="false" schemaversion="3">
<suite id="s1" name="Robot" source="C:\Users\User\Documents\robot">
<suite id="s1-s1" name="Rpython" source="C:\Users\User\Documents\robot\rpython.robot">
<test id="s1-s1-t1" name="Delete the book from database" line="35">
<kw name="Create Dictionary" library="BuiltIn">
<var>${deletereq}</var>
<arg>ID=${bookId}</arg>
<doc>Creates and returns a dictionary based on the given ``items``.</doc>
<msg timestamp="20221014 14:04:31.979" level="INFO">${deletereq} = {'ID': ''}</msg>
<status status="PASS" starttime="20221014 14:04:31.978" endtime="20221014 14:04:31.980"/>
</kw>
<kw name="POST" library="RequestsLibrary">
<var>${deleteresponse}</var>
<arg>${baseurl}/Library/DeleteBook.php</arg>
<arg>json=${deletereq}</arg>
<arg>expected_status=200</arg>
<doc>Sends a POST request.</doc>
<msg timestamp="20221014 14:04:32.751" level="INFO">POST Request : url=https://rahulshettyacademy.com/Library/DeleteBook.php 
 path_url=/Library/DeleteBook.php 
 headers={'User-Agent': 'python-requests/2.28.1', 'Accept-Encoding': 'gzip, deflate', 'Accept': '*/*', 'Connection': 'keep-alive', 'Content-Length': '10', 'Content-Type': 'application/json'} 
 body=b'{"ID": ""}' 
 </msg>
<msg timestamp="20221014 14:04:32.753" level="INFO">POST Response : url=https://rahulshettyacademy.com/Library/DeleteBook.php 
 status=404, reason=Not Found 
 headers={'Date': 'Fri, 14 Oct 2022 11:04:29 GMT', 'Server': 'Apache/2.4.41 (Ubuntu)', 'Access-Control-Allow-Origin': '*', 'Access-Control-Allow-Methods': 'POST', 'Access-Control-Max-Age': '3600', 'Access-Control-Allow-Headers': 'Content-Type, Access-Control-Allow-Headers, Authorization, X-Requested-With', 'Content-Length': '73', 'Keep-Alive': 'timeout=5, max=100', 'Connection': 'Keep-Alive', 'Content-Type': 'application/json;charset=UTF-8'} 
 body={"msg":"Delete Book operation failed, looks like the book doesnt exists"} 
 </msg>
<msg timestamp="20221014 14:04:32.754" level="FAIL">Url: https://rahulshettyacademy.com/Library/DeleteBook.php Expected status: 404 != 200</msg>
<status status="FAIL" starttime="20221014 14:04:31.981" endtime="20221014 14:04:32.758"/>
</kw>
<kw name="Log" library="BuiltIn">
<arg>${deleteresponse.json()}[msg]</arg>
<doc>Logs the given message with the given level.</doc>
<status status="NOT RUN" starttime="20221014 14:04:32.760" endtime="20221014 14:04:32.760"/>
</kw>
<status status="FAIL" starttime="20221014 14:04:31.976" endtime="20221014 14:04:32.761">Url: https://rahulshettyacademy.com/Library/DeleteBook.php Expected status: 404 != 200</status>
</test>
<status status="FAIL" starttime="20221014 14:04:31.821" endtime="20221014 14:04:32.763"/>
</suite>
<status status="FAIL" starttime="20221014 14:04:31.788" endtime="20221014 14:04:32.766"/>
</suite>
<statistics>
<total>
<stat pass="0" fail="1" skip="0">All Tests</stat>
</total>
<tag>
</tag>
<suite>
<stat pass="0" fail="1" skip="0" id="s1" name="Robot">Robot</stat>
<stat pass="0" fail="1" skip="0" id="s1-s1" name="Rpython">Robot.Rpython</stat>
</suite>
</statistics>
<errors>
</errors>
</robot>
